D:\SDL1\GAMESDL1\GAMESDL1\DEBUG\AMO.OBJ
D:\SDL1\GAMESDL1\GAMESDL1\DEBUG\BASEOBJECT.OBJ
D:\SDL1\GAMESDL1\GAMESDL1\DEBUG\COMMONFUNC.OBJ
D:\SDL1\GAMESDL1\GAMESDL1\DEBUG\MAINOBJECT.OBJ
D:\SDL1\GAMESDL1\GAMESDL1\DEBUG\HEART.OBJ
D:\SDL1\GAMESDL1\GAMESDL1\DEBUG\MAIN.OBJ
D:\SDL1\GAMESDL1\GAMESDL1\DEBUG\TEXTOBJECT.OBJ
D:\SDL1\GAMESDL1\GAMESDL1\DEBUG\THREATS.OBJ
D:\SDL1\GAMESDL1\GAMESDL1\DEBUG\VC110.PDB
D:\SDL1\GAMESDL1\DEBUG\GAMESDL1.ILK
D:\SDL1\GAMESDL1\DEBUG\GAMESDL1.EXE
D:\SDL1\GAMESDL1\DEBUG\GAMESDL1.PDB
D:\SDL1\GAMESDL1\GAMESDL1\DEBUG\GAMESDL1.RES
D:\SDL1\gameSDL1\gameSDL1\Debug\Amo.obj
D:\SDL1\gameSDL1\gameSDL1\Debug\BaseObject.obj
D:\SDL1\gameSDL1\gameSDL1\Debug\Commonfunc.obj
D:\SDL1\gameSDL1\gameSDL1\Debug\heart.obj
D:\SDL1\gameSDL1\gameSDL1\Debug\main.obj
D:\SDL1\gameSDL1\gameSDL1\Debug\MainObject.obj
D:\SDL1\gameSDL1\gameSDL1\Debug\textobject.obj
D:\SDL1\gameSDL1\gameSDL1\Debug\threats.obj
D:\SDL1\gameSDL1\gameSDL1\Debug\cl.command.1.tlog
D:\SDL1\gameSDL1\gameSDL1\Debug\CL.read.1.tlog
D:\SDL1\gameSDL1\gameSDL1\Debug\CL.write.1.tlog
D:\SDL1\gameSDL1\gameSDL1\Debug\link-cvtres.read.1.tlog
D:\SDL1\gameSDL1\gameSDL1\Debug\link-cvtres.write.1.tlog
D:\SDL1\gameSDL1\gameSDL1\Debug\link-rc.read.1.tlog
D:\SDL1\gameSDL1\gameSDL1\Debug\link-rc.write.1.tlog
D:\SDL1\gameSDL1\gameSDL1\Debug\link.18464-cvtres.read.1.tlog
D:\SDL1\gameSDL1\gameSDL1\Debug\link.18464-cvtres.write.1.tlog
D:\SDL1\gameSDL1\gameSDL1\Debug\link.18464-rc.read.1.tlog
D:\SDL1\gameSDL1\gameSDL1\Debug\link.18464-rc.write.1.tlog
D:\SDL1\gameSDL1\gameSDL1\Debug\link.18464.read.1.tlog
D:\SDL1\gameSDL1\gameSDL1\Debug\link.18464.write.1.tlog
D:\SDL1\gameSDL1\gameSDL1\Debug\link.20168-cvtres.read.1.tlog
D:\SDL1\gameSDL1\gameSDL1\Debug\link.20168-cvtres.write.1.tlog
D:\SDL1\gameSDL1\gameSDL1\Debug\link.20168-rc.read.1.tlog
D:\SDL1\gameSDL1\gameSDL1\Debug\link.20168-rc.write.1.tlog
D:\SDL1\gameSDL1\gameSDL1\Debug\link.20168.read.1.tlog
D:\SDL1\gameSDL1\gameSDL1\Debug\link.20168.write.1.tlog
D:\SDL1\gameSDL1\gameSDL1\Debug\link.command.1.tlog
D:\SDL1\gameSDL1\gameSDL1\Debug\link.read.1.tlog
D:\SDL1\gameSDL1\gameSDL1\Debug\link.write.1.tlog
D:\SDL1\gameSDL1\gameSDL1\Debug\rc.command.1.tlog
D:\SDL1\gameSDL1\gameSDL1\Debug\rc.read.1.tlog
D:\SDL1\gameSDL1\gameSDL1\Debug\rc.write.1.tlog
D:\SDL1\gameSDL1\gameSDL1\Debug\gameSDL1.res
D:\SDL1\gameSDL1\gameSDL1\Debug\vc110.idb
D:\SDL1\gameSDL1\gameSDL1\Debug\vc110.pdb
D:\SDL1\gameSDL1\Debug\gameSDL1.pdb
D:\SDL1\gameSDL1\Debug\gameSDL1.exe
D:\SDL1\gameSDL1\Debug\gameSDL1.ilk
