Build started 5/18/2021 3:36:35 PM.
     1>Project "D:\SDL1\gameSDL1\gameSDL1\gameSDL1.vcxproj" on node 2 (Rebuild target(s)).
     1>ClCompile:
         C:\Program Files (x86)\Microsoft Visual Studio 11.0\VC\bin\CL.exe /c /ZI /nologo /W3 /WX- /Od /Oy- /D WIN32 /D _DEBUG /D _CONSOLE /D _UNICODE /D UNICODE /Gm /EHsc /RTC1 /MDd /GS /fp:precise /Zc:wchar_t /Zc:forScope /Fo"Debug\\" /Fd"Debug\vc110.pdb" /Gd /TP /analyze- /errorReport:prompt Amo.cpp BaseObject.cpp Commonfunc.cpp heart.cpp main.cpp MainObject.cpp textobject.cpp threats.cpp
         threats.cpp
     1>d:\sdl1\gamesdl1\gamesdl1\threats.cpp(17): warning C4018: '<' : signed/unsigned mismatch
     1>d:\sdl1\gamesdl1\gamesdl1\threats.cpp(40): warning C4244: 'argument' : conversion from 'double' to 'int', possible loss of data
     1>d:\sdl1\gamesdl1\gamesdl1\threats.cpp(55): warning C4244: 'argument' : conversion from 'double' to 'int', possible loss of data
     1>d:\sdl1\gamesdl1\gamesdl1\threats.cpp(62): warning C4018: '<' : signed/unsigned mismatch
     1>d:\sdl1\gamesdl1\gamesdl1\threats.cpp(75): warning C4244: 'argument' : conversion from 'double' to 'int', possible loss of data
     1>d:\sdl1\gamesdl1\gamesdl1\threats.cpp(82): warning C4018: '<' : signed/unsigned mismatch
     1>d:\sdl1\gamesdl1\gamesdl1\threats.cpp(95): warning C4244: 'argument' : conversion from 'double' to 'int', possible loss of data
     1>d:\sdl1\gamesdl1\gamesdl1\threats.cpp(102): warning C4018: '<' : signed/unsigned mismatch
     1>d:\sdl1\gamesdl1\gamesdl1\threats.cpp(116): warning C4244: 'argument' : conversion from 'double' to 'int', possible loss of data
     1>d:\sdl1\gamesdl1\gamesdl1\threats.cpp(208): warning C4244: 'argument' : conversion from 'double' to 'int', possible loss of data
     1>d:\sdl1\gamesdl1\gamesdl1\threats.cpp(222): warning C4018: '<' : signed/unsigned mismatch
     1>d:\sdl1\gamesdl1\gamesdl1\threats.cpp(238): warning C4018: '<' : signed/unsigned mismatch
         textobject.cpp
         MainObject.cpp
     1>d:\sdl1\gamesdl1\gamesdl1\mainobject.cpp(488): warning C4018: '<' : signed/unsigned mismatch
     1>d:\sdl1\gamesdl1\gamesdl1\mainobject.cpp(531): warning C4018: '<' : signed/unsigned mismatch
     1>d:\sdl1\gamesdl1\gamesdl1\mainobject.cpp(533): warning C4018: '<' : signed/unsigned mismatch
         main.cpp
     1>d:\sdl1\gamesdl1\gamesdl1\main.cpp(588): warning C4018: '<' : signed/unsigned mismatch
     1>d:\sdl1\gamesdl1\gamesdl1\main.cpp(710): warning C4018: '<' : signed/unsigned mismatch
     1>d:\sdl1\gamesdl1\gamesdl1\main.cpp(833): warning C4018: '<' : signed/unsigned mismatch
     1>d:\sdl1\gamesdl1\gamesdl1\main.cpp(953): warning C4018: '<' : signed/unsigned mismatch
     1>d:\sdl1\gamesdl1\gamesdl1\main.cpp(1083): warning C4018: '<' : signed/unsigned mismatch
     1>d:\sdl1\gamesdl1\gamesdl1\main.cpp(1210): warning C4018: '<' : signed/unsigned mismatch
     1>d:\sdl1\gamesdl1\gamesdl1\main.cpp(1503): warning C4018: '<' : signed/unsigned mismatch
         heart.cpp
     1>d:\sdl1\gamesdl1\gamesdl1\heart.cpp(21): warning C4018: '<' : signed/unsigned mismatch
         Commonfunc.cpp
         BaseObject.cpp
         Amo.cpp
         Generating Code...
       ResourceCompile:
         C:\Program Files (x86)\Windows Kits\8.0\bin\x86\rc.exe /D _UNICODE /D UNICODE /l"0x0409" /nologo /fo"Debug\gameSDL1.res" gameSDL1.rc 
       Link:
         C:\Program Files (x86)\Microsoft Visual Studio 11.0\VC\bin\link.exe /ERRORREPORT:PROMPT /OUT:"D:\SDL1\gameSDL1\Debug\gameSDL1.exe" /INCREMENTAL /NOLOGO SDL.lib SDLmain.lib SDL_image.lib SDL_mixer.lib SDL_ttf.lib kernel32.lib user32.lib gdi32.lib winspool.lib comdlg32.lib advapi32.lib shell32.lib ole32.lib oleaut32.lib uuid.lib odbc32.lib odbccp32.lib /MANIFEST /MANIFESTUAC:"level='asInvoker' uiAccess='false'" /manifest:embed /DEBUG /PDB:"D:\SDL1\gameSDL1\Debug\gameSDL1.pdb" /SUBSYSTEM:WINDOWS /TLBID:1 /DYNAMICBASE /NXCOMPAT /IMPLIB:"D:\SDL1\gameSDL1\Debug\gameSDL1.lib" /MACHINE:X86 Debug\gameSDL1.res
         Debug\Amo.obj
         Debug\BaseObject.obj
         Debug\Commonfunc.obj
         Debug\heart.obj
         Debug\main.obj
         Debug\MainObject.obj
         Debug\textobject.obj
         Debug\threats.obj
     1>MSVCRTD.lib(cinitexe.obj) : warning LNK4098: defaultlib 'msvcrt.lib' conflicts with use of other libs; use /NODEFAULTLIB:library
         gameSDL1.vcxproj -> D:\SDL1\gameSDL1\Debug\gameSDL1.exe
     1>Done Building Project "D:\SDL1\gameSDL1\gameSDL1\gameSDL1.vcxproj" (Rebuild target(s)).

Build succeeded.

Time Elapsed 00:00:08.70
