D:\SDL1\GAMESDL1\GAMESDL1\DEBUG\AMO.OBJ
D:\SDL1\GAMESDL1\GAMESDL1\DEBUG\BASEOBJECT.OBJ
D:\SDL1\GAMESDL1\GAMESDL1\DEBUG\COMMONFUNC.OBJ
D:\SDL1\GAMESDL1\GAMESDL1\DEBUG\HEART.OBJ
D:\SDL1\GAMESDL1\GAMESDL1\DEBUG\MAIN.OBJ
D:\SDL1\GAMESDL1\GAMESDL1\DEBUG\TEXTOBJECT.OBJ
D:\SDL1\GAMESDL1\GAMESDL1\DEBUG\THREATS.OBJ
D:\SDL1\GAMESDL1\GAMESDL1\DEBUG\VC110.PDB
D:\SDL1\gameSDL1\gameSDL1\Debug\Amo.obj
D:\SDL1\gameSDL1\gameSDL1\Debug\BaseObject.obj
D:\SDL1\gameSDL1\gameSDL1\Debug\Commonfunc.obj
D:\SDL1\gameSDL1\gameSDL1\Debug\heart.obj
D:\SDL1\gameSDL1\gameSDL1\Debug\main.obj
D:\SDL1\gameSDL1\gameSDL1\Debug\textobject.obj
D:\SDL1\gameSDL1\gameSDL1\Debug\threats.obj
D:\SDL1\gameSDL1\gameSDL1\Debug\cl.command.1.tlog
D:\SDL1\gameSDL1\gameSDL1\Debug\CL.read.1.tlog
D:\SDL1\gameSDL1\gameSDL1\Debug\CL.write.1.tlog
D:\SDL1\gameSDL1\gameSDL1\Debug\vc110.idb
D:\SDL1\gameSDL1\gameSDL1\Debug\vc110.pdb
